#
# There is insufficient memory for the Java Runtime Environment to continue.
# Native memory allocation (malloc) failed to allocate 1088656 bytes for Chunk::new
# Possible reasons:
#   The system is out of physical RAM or swap space
#   In 32 bit mode, the process size limit was hit
# Possible solutions:
#   Reduce memory load on the system
#   Increase physical memory or swap space
#   Check if swap backing store is full
#   Use 64 bit Java on a 64 bit OS
#   Decrease Java heap size (-Xmx/-Xms)
#   Decrease number of Java threads
#   Decrease Java thread stack sizes (-Xss)
#   Set larger code cache with -XX:ReservedCodeCacheSize=
# This output file may be truncated or incomplete.
#
#  Out of Memory Error (allocation.cpp:388), pid=4380, tid=5228
#
# JRE version: Java(TM) SE Runtime Environment (8.0_05-b13) (build 1.8.0_05-b13)
# Java VM: Java HotSpot(TM) 64-Bit Server VM (25.5-b02 mixed mode windows-amd64 compressed oops)
# Failed to write core dump. Minidumps are not enabled by default on client versions of Windows
#

---------------  T H R E A D  ---------------

Current thread (0x0000000040f66800):  JavaThread "C2 CompilerThread1" daemon [_thread_in_native, id=5228, stack(0x00000000425c0000,0x00000000426c0000)]

Stack: [0x00000000425c0000,0x00000000426c0000]
Native frames: (J=compiled Java code, j=interpreted, Vv=VM code, C=native code)
V  [jvm.dll+0x308dea]
V  [jvm.dll+0x25def1]
V  [jvm.dll+0x25eb0f]
V  [jvm.dll+0x2564e5]
V  [jvm.dll+0xbcfc5]
V  [jvm.dll+0xbd45c]
V  [jvm.dll+0x468c07]
V  [jvm.dll+0x43638b]
V  [jvm.dll+0x44111e]
V  [jvm.dll+0x4436a9]
V  [jvm.dll+0x427532]
V  [jvm.dll+0x96702]
V  [jvm.dll+0x96ef3]
V  [jvm.dll+0x2232c4]
V  [jvm.dll+0x27baca]
C  [msvcr100.dll+0x21d9f]
C  [msvcr100.dll+0x21e3b]
C  [KERNEL32.DLL+0x13d2]
C  [ntdll.dll+0x154e4]


Current CompileTask:
C2:  32337 1310       4       java.net.URLClassLoader$1::run (5 bytes)


---------------  P R O C E S S  ---------------

Java Threads: ( => current thread )
  0x0000000042877000 JavaThread "Stdin handler" [_thread_blocked, id=6592, stack(0x0000000045060000,0x0000000045160000)]
  0x0000000043407800 JavaThread "Daemon worker" [_thread_in_native, id=2068, stack(0x0000000044f60000,0x0000000045060000)]
  0x0000000043405000 JavaThread "Cancel handler" [_thread_blocked, id=4724, stack(0x0000000044e60000,0x0000000044f60000)]
  0x0000000042e89800 JavaThread "Handler for socket connection from /127.0.0.1:50644 to /127.0.0.1:50653" [_thread_in_native, id=708, stack(0x0000000044b60000,0x0000000044c60000)]
  0x0000000042e0e000 JavaThread "Daemon" [_thread_blocked, id=6404, stack(0x0000000044a60000,0x0000000044b60000)]
  0x0000000042e93000 JavaThread "Incoming local TCP Connector on port 50644" [_thread_in_native, id=3864, stack(0x0000000044870000,0x0000000044970000)]
  0x0000000040fbd000 JavaThread "Service Thread" daemon [_thread_blocked, id=7028, stack(0x0000000042bc0000,0x0000000042cc0000)]
  0x0000000040f69800 JavaThread "C1 CompilerThread2" daemon [_thread_blocked, id=4700, stack(0x00000000426c0000,0x00000000427c0000)]
=>0x0000000040f66800 JavaThread "C2 CompilerThread1" daemon [_thread_in_native, id=5228, stack(0x00000000425c0000,0x00000000426c0000)]
  0x0000000040f5e000 JavaThread "C2 CompilerThread0" daemon [_thread_blocked, id=6964, stack(0x00000000424c0000,0x00000000425c0000)]
  0x0000000040f5b800 JavaThread "Attach Listener" daemon [_thread_blocked, id=6804, stack(0x00000000423c0000,0x00000000424c0000)]
  0x0000000040f59800 JavaThread "Signal Dispatcher" daemon [_thread_blocked, id=1240, stack(0x00000000422c0000,0x00000000423c0000)]
  0x0000000002dc5800 JavaThread "Finalizer" daemon [_thread_blocked, id=4308, stack(0x00000000421c0000,0x00000000422c0000)]
  0x0000000040f27800 JavaThread "Reference Handler" daemon [_thread_blocked, id=4932, stack(0x00000000420c0000,0x00000000421c0000)]
  0x0000000002b8e000 JavaThread "main" [_thread_blocked, id=2248, stack(0x0000000002bd0000,0x0000000002cd0000)]

Other Threads:
  0x0000000040f26800 VMThread [stack: 0x0000000041fc0000,0x00000000420c0000] [id=6796]
  0x00000000427f1000 WatcherThread [stack: 0x0000000042cc0000,0x0000000042dc0000] [id=288]

VM state:not at safepoint (normal execution)

VM Mutex/Monitor currently owned by a thread: None

Heap:
 PSYoungGen      total 12288K, used 3464K [0x000000061c400000, 0x000000061d680000, 0x00000007c0000000)
  eden space 9728K, 21% used [0x000000061c400000,0x000000061c6136a8,0x000000061cd80000)
  from space 2560K, 52% used [0x000000061cd80000,0x000000061cececa8,0x000000061d000000)
  to   space 2560K, 0% used [0x000000061d400000,0x000000061d400000,0x000000061d680000)
 ParOldGen       total 129536K, used 5693K [0x00000002d4c00000, 0x00000002dca80000, 0x000000061c400000)
  object space 129536K, 4% used [0x00000002d4c00000,0x00000002d518f428,0x00000002dca80000)
 Metaspace       used 15455K, capacity 15834K, committed 16128K, reserved 1062912K
  class space    used 2123K, capacity 2215K, committed 2304K, reserved 1048576K

Card table byte_map: [0x0000000012190000,0x00000000148f0000] byte_map_base: 0x0000000010aea000

Marking Bits: (ParMarkBitMap*) 0x0000000057b613b0
 Begin Bits: [0x0000000016730000, 0x000000002a200000)
 End Bits:   [0x000000002a200000, 0x000000003dcd0000)

Polling page: 0x00000000012c0000

CodeCache: size=245760Kb used=4425Kb max_used=4574Kb free=241334Kb
 bounds [0x0000000002dd0000, 0x0000000003270000, 0x0000000011dd0000]
 total_blobs=1602 nmethods=1243 adapters=272
 compilation: enabled

Compilation events (10 events):
Event: 26.469 Thread 0x0000000040f69800 1306       3       java.lang.String::lastIndexOf (11 bytes)
Event: 26.470 Thread 0x0000000040f69800 nmethod 1306 0x0000000003235350 code [0x00000000032354c0, 0x0000000003235748]
Event: 26.470 Thread 0x0000000040f69800 1307       3       java.lang.String::lastIndexOf (25 bytes)
Event: 26.470 Thread 0x0000000040f69800 nmethod 1307 0x0000000003234ed0 code [0x0000000003235040, 0x00000000032351e8]
Event: 26.607 Thread 0x0000000040f5e000 1308       4       sun.util.calendar.ZoneInfo::getOffsets (276 bytes)
Event: 26.610 Thread 0x0000000040f69800 1309       3       java.io.ExpiringCache::entryFor (57 bytes)
Event: 26.611 Thread 0x0000000040f69800 nmethod 1309 0x0000000003236990 code [0x0000000003236b20, 0x0000000003237078]
Event: 26.623 Thread 0x0000000040f66800 1310       4       java.net.URLClassLoader$1::run (5 bytes)
Event: 26.625 Thread 0x0000000040f5e000 nmethod 1308 0x000000000323f950 code [0x000000000323fae0, 0x0000000003240150]
Event: 26.625 Thread 0x0000000040f5e000 1311   !   4       java.net.URLClassLoader$1::run (73 bytes)

GC Heap History (10 events):
Event: 3.541 GC heap before
{Heap before GC invocations=12 (full 0):
 PSYoungGen      total 7680K, used 6816K [0x000000061c400000, 0x000000061d180000, 0x00000007c0000000)
  eden space 6656K, 100% used [0x000000061c400000,0x000000061ca80000,0x000000061ca80000)
  from space 1024K, 15% used [0x000000061ca80000,0x000000061caa8000,0x000000061cb80000)
  to   space 1536K, 0% used [0x000000061d000000,0x000000061d000000,0x000000061d180000)
 ParOldGen       total 129536K, used 1518K [0x00000002d4c00000, 0x00000002dca80000, 0x000000061c400000)
  object space 129536K, 1% used [0x00000002d4c00000,0x00000002d4d7bbf8,0x00000002dca80000)
 Metaspace       used 5559K, capacity 6096K, committed 6272K, reserved 1056768K
  class space    used 719K, capacity 800K, committed 896K, reserved 1048576K
Event: 3.543 GC heap after
Heap after GC invocations=12 (full 0):
 PSYoungGen      total 12288K, used 847K [0x000000061c400000, 0x000000061d180000, 0x00000007c0000000)
  eden space 10752K, 0% used [0x000000061c400000,0x000000061c400000,0x000000061ce80000)
  from space 1536K, 55% used [0x000000061d000000,0x000000061d0d3de0,0x000000061d180000)
  to   space 1536K, 0% used [0x000000061ce80000,0x000000061ce80000,0x000000061d000000)
 ParOldGen       total 129536K, used 1574K [0x00000002d4c00000, 0x00000002dca80000, 0x000000061c400000)
  object space 129536K, 1% used [0x00000002d4c00000,0x00000002d4d89bf8,0x00000002dca80000)
 Metaspace       used 5559K, capacity 6096K, committed 6272K, reserved 1056768K
  class space    used 719K, capacity 800K, committed 896K, reserved 1048576K
}
Event: 12.279 GC heap before
{Heap before GC invocations=13 (full 0):
 PSYoungGen      total 12288K, used 11599K [0x000000061c400000, 0x000000061d180000, 0x00000007c0000000)
  eden space 10752K, 100% used [0x000000061c400000,0x000000061ce80000,0x000000061ce80000)
  from space 1536K, 55% used [0x000000061d000000,0x000000061d0d3de0,0x000000061d180000)
  to   space 1536K, 0% used [0x000000061ce80000,0x000000061ce80000,0x000000061d000000)
 ParOldGen       total 129536K, used 1574K [0x00000002d4c00000, 0x00000002dca80000, 0x000000061c400000)
  object space 129536K, 1% used [0x00000002d4c00000,0x00000002d4d89bf8,0x00000002dca80000)
 Metaspace       used 8580K, capacity 8792K, committed 8960K, reserved 1056768K
  class space    used 1134K, capacity 1196K, committed 1280K, reserved 1048576K
Event: 12.304 GC heap after
Heap after GC invocations=13 (full 0):
 PSYoungGen      total 11776K, used 1536K [0x000000061c400000, 0x000000061d200000, 0x00000007c0000000)
  eden space 10240K, 0% used [0x000000061c400000,0x000000061c400000,0x000000061ce00000)
  from space 1536K, 100% used [0x000000061ce80000,0x000000061d000000,0x000000061d000000)
  to   space 2048K, 0% used [0x000000061d000000,0x000000061d000000,0x000000061d200000)
 ParOldGen       total 129536K, used 2052K [0x00000002d4c00000, 0x00000002dca80000, 0x000000061c400000)
  object space 129536K, 1% used [0x00000002d4c00000,0x00000002d4e011d8,0x00000002dca80000)
 Metaspace       used 8580K, capacity 8792K, committed 8960K, reserved 1056768K
  class space    used 1134K, capacity 1196K, committed 1280K, reserved 1048576K
}
Event: 16.406 GC heap before
{Heap before GC invocations=14 (full 0):
 PSYoungGen      total 11776K, used 11776K [0x000000061c400000, 0x000000061d200000, 0x00000007c0000000)
  eden space 10240K, 100% used [0x000000061c400000,0x000000061ce00000,0x000000061ce00000)
  from space 1536K, 100% used [0x000000061ce80000,0x000000061d000000,0x000000061d000000)
  to   space 2048K, 0% used [0x000000061d000000,0x000000061d000000,0x000000061d200000)
 ParOldGen       total 129536K, used 2052K [0x00000002d4c00000, 0x00000002dca80000, 0x000000061c400000)
  object space 129536K, 1% used [0x00000002d4c00000,0x00000002d4e011d8,0x00000002dca80000)
 Metaspace       used 9933K, capacity 10202K, committed 10496K, reserved 1058816K
  class space    used 1372K, capacity 1447K, committed 1536K, reserved 1048576K
Event: 16.411 GC heap after
Heap after GC invocations=14 (full 0):
 PSYoungGen      total 12288K, used 1510K [0x000000061c400000, 0x000000061d200000, 0x00000007c0000000)
  eden space 10240K, 0% used [0x000000061c400000,0x000000061c400000,0x000000061ce00000)
  from space 2048K, 73% used [0x000000061d000000,0x000000061d179878,0x000000061d200000)
  to   space 2048K, 0% used [0x000000061ce00000,0x000000061ce00000,0x000000061d000000)
 ParOldGen       total 129536K, used 2853K [0x00000002d4c00000, 0x00000002dca80000, 0x000000061c400000)
  object space 129536K, 2% used [0x00000002d4c00000,0x00000002d4ec95a0,0x00000002dca80000)
 Metaspace       used 9933K, capacity 10202K, committed 10496K, reserved 1058816K
  class space    used 1372K, capacity 1447K, committed 1536K, reserved 1048576K
}
Event: 20.621 GC heap before
{Heap before GC invocations=15 (full 0):
 PSYoungGen      total 12288K, used 11750K [0x000000061c400000, 0x000000061d200000, 0x00000007c0000000)
  eden space 10240K, 100% used [0x000000061c400000,0x000000061ce00000,0x000000061ce00000)
  from space 2048K, 73% used [0x000000061d000000,0x000000061d179878,0x000000061d200000)
  to   space 2048K, 0% used [0x000000061ce00000,0x000000061ce00000,0x000000061d000000)
 ParOldGen       total 129536K, used 2853K [0x00000002d4c00000, 0x00000002dca80000, 0x000000061c400000)
  object space 129536K, 2% used [0x00000002d4c00000,0x00000002d4ec95a0,0x00000002dca80000)
 Metaspace       used 11037K, capacity 11354K, committed 11648K, reserved 1058816K
  class space    used 1551K, capacity 1639K, committed 1664K, reserved 1048576K
Event: 20.625 GC heap after
Heap after GC invocations=15 (full 0):
 PSYoungGen      total 12288K, used 1308K [0x000000061c400000, 0x000000061d200000, 0x00000007c0000000)
  eden space 10240K, 0% used [0x000000061c400000,0x000000061c400000,0x000000061ce00000)
  from space 2048K, 63% used [0x000000061ce00000,0x000000061cf472d8,0x000000061d000000)
  to   space 2048K, 0% used [0x000000061d000000,0x000000061d000000,0x000000061d200000)
 ParOldGen       total 129536K, used 3318K [0x00000002d4c00000, 0x00000002dca80000, 0x000000061c400000)
  object space 129536K, 2% used [0x00000002d4c00000,0x00000002d4f3da20,0x00000002dca80000)
 Metaspace       used 11037K, capacity 11354K, committed 11648K, reserved 1058816K
  class space    used 1551K, capacity 1639K, committed 1664K, reserved 1048576K
}
Event: 25.325 GC heap before
{Heap before GC invocations=16 (full 0):
 PSYoungGen      total 12288K, used 11548K [0x000000061c400000, 0x000000061d200000, 0x00000007c0000000)
  eden space 10240K, 100% used [0x000000061c400000,0x000000061ce00000,0x000000061ce00000)
  from space 2048K, 63% used [0x000000061ce00000,0x000000061cf472d8,0x000000061d000000)
  to   space 2048K, 0% used [0x000000061d000000,0x000000061d000000,0x000000061d200000)
 ParOldGen       total 129536K, used 3318K [0x00000002d4c00000, 0x00000002dca80000, 0x000000061c400000)
  object space 129536K, 2% used [0x00000002d4c00000,0x00000002d4f3da20,0x00000002dca80000)
 Metaspace       used 14278K, capacity 14554K, committed 14848K, reserved 1062912K
  class space    used 1927K, capacity 2023K, committed 2048K, reserved 1048576K
Event: 25.378 GC heap after
Heap after GC invocations=16 (full 0):
 PSYoungGen      total 11776K, used 2026K [0x000000061c400000, 0x000000061d300000, 0x00000007c0000000)
  eden space 9728K, 0% used [0x000000061c400000,0x000000061c400000,0x000000061cd80000)
  from space 2048K, 98% used [0x000000061d000000,0x000000061d1faa28,0x000000061d200000)
  to   space 2560K, 0% used [0x000000061cd80000,0x000000061cd80000,0x000000061d000000)
 ParOldGen       total 129536K, used 4178K [0x00000002d4c00000, 0x00000002dca80000, 0x000000061c400000)
  object space 129536K, 3% used [0x00000002d4c00000,0x00000002d5014bf8,0x00000002dca80000)
 Metaspace       used 14278K, capacity 14554K, committed 14848K, reserved 1062912K
  class space    used 1927K, capacity 2023K, committed 2048K, reserved 1048576K
}

Deoptimization events (10 events):
Event: 14.397 Thread 0x0000000043407800 Uncommon trap: reason=class_check action=maybe_recompile pc=0x00000000030b07d4 method=java.util.HashMap.putVal(ILjava/lang/Object;Ljava/lang/Object;ZZ)Ljava/lang/Object; @ 203
Event: 14.397 Thread 0x0000000043407800 Uncommon trap: reason=class_check action=maybe_recompile pc=0x00000000030b07d4 method=java.util.HashMap.putVal(ILjava/lang/Object;Ljava/lang/Object;ZZ)Ljava/lang/Object; @ 203
Event: 14.397 Thread 0x0000000043407800 Uncommon trap: reason=bimorphic action=maybe_recompile pc=0x00000000030b07a0 method=java.util.HashMap.putVal(ILjava/lang/Object;Ljava/lang/Object;ZZ)Ljava/lang/Object; @ 253
Event: 14.397 Thread 0x0000000043407800 Uncommon trap: reason=bimorphic action=maybe_recompile pc=0x00000000030b07a0 method=java.util.HashMap.putVal(ILjava/lang/Object;Ljava/lang/Object;ZZ)Ljava/lang/Object; @ 253
Event: 14.398 Thread 0x0000000043407800 Uncommon trap: reason=bimorphic action=maybe_recompile pc=0x0000000003029d3c method=java.util.HashMap.putVal(ILjava/lang/Object;Ljava/lang/Object;ZZ)Ljava/lang/Object; @ 253
Event: 18.747 Thread 0x0000000043407800 Uncommon trap: reason=class_check action=maybe_recompile pc=0x0000000003136928 method=java.util.HashMap.putVal(ILjava/lang/Object;Ljava/lang/Object;ZZ)Ljava/lang/Object; @ 203
Event: 18.747 Thread 0x0000000043407800 Uncommon trap: reason=class_check action=maybe_recompile pc=0x0000000003136928 method=java.util.HashMap.putVal(ILjava/lang/Object;Ljava/lang/Object;ZZ)Ljava/lang/Object; @ 203
Event: 18.747 Thread 0x0000000043407800 Uncommon trap: reason=bimorphic action=maybe_recompile pc=0x0000000003188630 method=java.util.HashMap.putVal(ILjava/lang/Object;Ljava/lang/Object;ZZ)Ljava/lang/Object; @ 203
Event: 18.747 Thread 0x0000000043407800 Uncommon trap: reason=bimorphic action=maybe_recompile pc=0x0000000003188630 method=java.util.HashMap.putVal(ILjava/lang/Object;Ljava/lang/Object;ZZ)Ljava/lang/Object; @ 203
Event: 24.916 Thread 0x0000000043407800 Uncommon trap: reason=bimorphic action=maybe_recompile pc=0x000000000318090c method=java.util.HashMap.putVal(ILjava/lang/Object;Ljava/lang/Object;ZZ)Ljava/lang/Object; @ 203

Internal exceptions (10 events):
Event: 26.621 Thread 0x0000000043407800 Exception <a 'java/security/PrivilegedActionException'> (0x000000061ccf7918) thrown at [D:\re\workspace\8-2-build-windows-amd64-cygwin\jdk8u5\2488\hotspot\src\share\vm\prims\jvm.cpp, line 1248]
Event: 26.622 Thread 0x0000000043407800 Exception <a 'java/security/PrivilegedActionException'> (0x000000061ccfdab0) thrown at [D:\re\workspace\8-2-build-windows-amd64-cygwin\jdk8u5\2488\hotspot\src\share\vm\prims\jvm.cpp, line 1248]
Event: 26.622 Thread 0x0000000043407800 Exception <a 'java/security/PrivilegedActionException'> (0x000000061ccfe7f0) thrown at [D:\re\workspace\8-2-build-windows-amd64-cygwin\jdk8u5\2488\hotspot\src\share\vm\prims\jvm.cpp, line 1248]
Event: 26.622 Thread 0x0000000043407800 Exception <a 'java/security/PrivilegedActionException'> (0x000000061cd02e18) thrown at [D:\re\workspace\8-2-build-windows-amd64-cygwin\jdk8u5\2488\hotspot\src\share\vm\prims\jvm.cpp, line 1248]
Event: 26.622 Thread 0x0000000043407800 Exception <a 'java/security/PrivilegedActionException'> (0x000000061cd08e80) thrown at [D:\re\workspace\8-2-build-windows-amd64-cygwin\jdk8u5\2488\hotspot\src\share\vm\prims\jvm.cpp, line 1248]
Event: 26.623 Thread 0x0000000043407800 Exception <a 'java/security/PrivilegedActionException'> (0x000000061cd09be8) thrown at [D:\re\workspace\8-2-build-windows-amd64-cygwin\jdk8u5\2488\hotspot\src\share\vm\prims\jvm.cpp, line 1248]
Event: 26.625 Thread 0x0000000043407800 Exception <a 'java/security/PrivilegedActionException'> (0x000000061cd0e508) thrown at [D:\re\workspace\8-2-build-windows-amd64-cygwin\jdk8u5\2488\hotspot\src\share\vm\prims\jvm.cpp, line 1248]
Event: 27.851 Thread 0x0000000043407800 Exception <a 'java/security/PrivilegedActionException'> (0x000000061cd14910) thrown at [D:\re\workspace\8-2-build-windows-amd64-cygwin\jdk8u5\2488\hotspot\src\share\vm\prims\jvm.cpp, line 1248]
Event: 27.851 Thread 0x0000000043407800 Exception <a 'java/security/PrivilegedActionException'> (0x000000061cd15600) thrown at [D:\re\workspace\8-2-build-windows-amd64-cygwin\jdk8u5\2488\hotspot\src\share\vm\prims\jvm.cpp, line 1248]
Event: 27.851 Thread 0x0000000043407800 Exception <a 'java/security/PrivilegedActionException'> (0x000000061cd19618) thrown at [D:\re\workspace\8-2-build-windows-amd64-cygwin\jdk8u5\2488\hotspot\src\share\vm\prims\jvm.cpp, line 1248]

Events (10 events):
Event: 26.620 loading class org/apache/http/HttpEntityEnclosingRequest
Event: 26.620 loading class org/apache/http/HttpEntityEnclosingRequest done
Event: 26.621 loading class org/apache/http/client/methods/HttpPost
Event: 26.621 loading class org/apache/http/client/methods/HttpPost done
Event: 26.622 loading class org/apache/http/client/methods/HttpPut
Event: 26.622 loading class org/apache/http/client/methods/HttpPut done
Event: 26.622 loading class org/apache/http/client/methods/HttpPatch
Event: 26.622 loading class org/apache/http/client/methods/HttpPatch done
Event: 27.851 loading class org/apache/http/ProtocolException
Event: 27.851 loading class org/apache/http/ProtocolException done


Dynamic libraries:
0x00007ff73b660000 - 0x00007ff73b694000 	C:\Program Files\Java\jdk1.8.0_05\bin\java.exe
0x00007ffdbbb50000 - 0x00007ffdbbcfd000 	C:\windows\SYSTEM32\ntdll.dll
0x00007ffdb9840000 - 0x00007ffdb997e000 	C:\windows\system32\KERNEL32.DLL
0x00007ffdb90c0000 - 0x00007ffdb91d5000 	C:\windows\system32\KERNELBASE.dll
0x00007ffdb75a0000 - 0x00007ffdb762e000 	C:\windows\system32\apphelp.dll
0x00007ffd9b640000 - 0x00007ffd9b693000 	C:\windows\AppPatch\AppPatch64\AcGenral.DLL
0x00007ffdba030000 - 0x00007ffdba0da000 	C:\windows\system32\msvcrt.dll
0x00007ffdb8db0000 - 0x00007ffdb8dde000 	C:\windows\system32\SspiCli.dll
0x00007ffdbbaf0000 - 0x00007ffdbbb44000 	C:\windows\system32\SHLWAPI.dll
0x00007ffdb91e0000 - 0x00007ffdb9357000 	C:\windows\system32\USER32.dll
0x00007ffdbb830000 - 0x00007ffdbb9c4000 	C:\windows\system32\ole32.dll
0x00007ffdba300000 - 0x00007ffdbb829000 	C:\windows\system32\SHELL32.dll
0x00007ffdb82b0000 - 0x00007ffdb82d1000 	C:\windows\SYSTEM32\USERENV.dll
0x00007ffdb96d0000 - 0x00007ffdb977a000 	C:\windows\system32\ADVAPI32.dll
0x00007ffdad440000 - 0x00007ffdad45e000 	C:\windows\SYSTEM32\MPR.dll
0x00007ffdb9360000 - 0x00007ffdb94a0000 	C:\windows\system32\RPCRT4.dll
0x00007ffdb9ae0000 - 0x00007ffdb9b39000 	C:\windows\SYSTEM32\sechost.dll
0x00007ffdba0e0000 - 0x00007ffdba2f1000 	C:\windows\SYSTEM32\combase.dll
0x00007ffdb9ee0000 - 0x00007ffdba02f000 	C:\windows\system32\GDI32.dll
0x00007ffdb8c80000 - 0x00007ffdb8c95000 	C:\windows\SYSTEM32\profapi.dll
0x00007ffdb7220000 - 0x00007ffdb72d2000 	C:\windows\SYSTEM32\SHCORE.dll
0x00007ffdbb9e0000 - 0x00007ffdbba16000 	C:\windows\system32\IMM32.DLL
0x00007ffdb9500000 - 0x00007ffdb9652000 	C:\windows\system32\MSCTF.dll
0x00007ffdb6da0000 - 0x00007ffdb701b000 	C:\windows\WinSxS\amd64_microsoft.windows.common-controls_6595b64144ccf1df_6.0.9600.18006_none_623f33d3ecbe86e8\COMCTL32.dll
0x0000000056f30000 - 0x0000000057002000 	C:\Program Files\Java\jdk1.8.0_05\jre\bin\msvcr100.dll
0x00000000573b0000 - 0x0000000057bda000 	C:\Program Files\Java\jdk1.8.0_05\jre\bin\server\jvm.dll
0x00007ffdae0c0000 - 0x00007ffdae0c9000 	C:\windows\SYSTEM32\WSOCK32.dll
0x00007ffdad300000 - 0x00007ffdad322000 	C:\windows\SYSTEM32\WINMM.dll
0x00007ffdb9d20000 - 0x00007ffdb9d27000 	C:\windows\system32\PSAPI.DLL
0x00007ffdb9670000 - 0x00007ffdb96ca000 	C:\windows\system32\WS2_32.dll
0x00007ffdab050000 - 0x00007ffdab07a000 	C:\windows\SYSTEM32\WINMMBASE.dll
0x00007ffdbba20000 - 0x00007ffdbba29000 	C:\windows\system32\NSI.dll
0x00007ffdb9070000 - 0x00007ffdb90bf000 	C:\windows\SYSTEM32\cfgmgr32.dll
0x00007ffdb7b90000 - 0x00007ffdb7bb8000 	C:\windows\SYSTEM32\DEVOBJ.dll
0x00000000573a0000 - 0x00000000573af000 	C:\Program Files\Java\jdk1.8.0_05\jre\bin\verify.dll
0x0000000057370000 - 0x0000000057398000 	C:\Program Files\Java\jdk1.8.0_05\jre\bin\java.dll
0x0000000057350000 - 0x0000000057366000 	C:\Program Files\Java\jdk1.8.0_05\jre\bin\zip.dll
0x0000000057140000 - 0x000000005715a000 	C:\Program Files\Java\jdk1.8.0_05\jre\bin\net.dll
0x00007ffdb8590000 - 0x00007ffdb85e9000 	C:\windows\system32\mswsock.dll
0x0000000057120000 - 0x0000000057131000 	C:\Program Files\Java\jdk1.8.0_05\jre\bin\nio.dll
0x00007ffdadc70000 - 0x00007ffdadc82000 	C:\Users\APnaturals\.gradle\native\19\windows-amd64\native-platform.dll
0x00007ffdb56d0000 - 0x00007ffdb56fa000 	C:\windows\SYSTEM32\IPHLPAPI.DLL
0x00007ffdb6550000 - 0x00007ffdb655a000 	C:\windows\SYSTEM32\WINNSI.DLL
0x00007ffdb31b0000 - 0x00007ffdb31c6000 	C:\windows\SYSTEM32\dhcpcsvc6.DLL
0x00007ffdb3660000 - 0x00007ffdb367a000 	C:\windows\SYSTEM32\dhcpcsvc.DLL
0x00007ffdb85f0000 - 0x00007ffdb8610000 	C:\windows\SYSTEM32\CRYPTSP.dll
0x00007ffdb81a0000 - 0x00007ffdb81d6000 	C:\windows\system32\rsaenh.dll
0x00007ffdb8840000 - 0x00007ffdb8866000 	C:\windows\SYSTEM32\bcrypt.dll
0x00007ffdb8b50000 - 0x00007ffdb8bb3000 	C:\windows\system32\bcryptprimitives.dll
0x00007ffdb8bc0000 - 0x00007ffdb8bcb000 	C:\windows\SYSTEM32\CRYPTBASE.dll
0x00007ffd9ef30000 - 0x00007ffd9f0b9000 	C:\windows\SYSTEM32\dbghelp.dll

VM Arguments:
jvm_args: -XX:MaxPermSize=256m -XX:+HeapDumpOnOutOfMemoryError -Xmx20148m -Dfile.encoding=windows-1252 -Duser.country=US -Duser.language=en -Duser.variant 
java_command: org.gradle.launcher.daemon.bootstrap.GradleDaemon 2.10
java_class_path (initial): C:\Users\APnaturals\.gradle\wrapper\dists\gradle-2.10-all\a4w5fzrkeut1ox71xslb49gst\gradle-2.10\lib\gradle-launcher-2.10.jar
Launcher Type: SUN_STANDARD

Environment Variables:
PATH=C:\Program Files (x86)\Intel\iCLS Client\;C:\Program Files\Intel\iCLS Client\;C:\windows\system32;C:\windows;C:\windows\System32\Wbem;C:\windows\System32\WindowsPowerShell\v1.0\;C:\Program Files (x86)\ATI Technologies\ATI.ACE\Core-Static;C:\Program Files\Intel\Intel(R) Management Engine Components\DAL;C:\Program Files\Intel\Intel(R) Management Engine Components\IPT;C:\Program Files (x86)\Intel\Intel(R) Management Engine Components\DAL;C:\Program Files (x86)\Intel\Intel(R) Management Engine Components\IPT;C:\adb;C:\Program Files\Java\jdk1.8.0_05\bin;C:\Program Files (x86)\GTK2-Runtime\lib;C:\Users\APnaturals\AppData\Local\GitHub;C:\xampp\php;C:\ProgramData\ComposerSetup\bin;C:\Program Files\Git\cmd;C:\Program Files (x86)\Skype\Phone\;C:\Users\APnaturals\AppData\Local\atom\bin;C:\Users\APnaturals\AppData\Roaming\Composer\vendor\bin
USERNAME=Abhiroj
OS=Windows_NT
PROCESSOR_IDENTIFIER=Intel64 Family 6 Model 69 Stepping 1, GenuineIntel



---------------  S Y S T E M  ---------------

OS: Windows 8.1 , 64 bit Build 9600 

CPU:total 4 (2 cores per cpu, 2 threads per core) family 6 model 69 stepping 1, cmov, cx8, fxsr, mmx, sse, sse2, sse3, ssse3, sse4.1, sse4.2, popcnt, avx, avx2, aes, clmul, erms, ht, tsc, tscinvbit

Memory: 4k page, physical 8278296k(420816k free), swap 11424024k(16448k free)

vm_info: Java HotSpot(TM) 64-Bit Server VM (25.5-b02) for windows-amd64 JRE (1.8.0_05-b13), built on Mar 18 2014 01:08:39 by "java_re" with MS VC++ 10.0 (VS2010)

time: Sat Sep 24 16:14:29 2016
elapsed time: 32 seconds

